#
# A fatal error has been detected by the Java Runtime Environment:
#
#  SIGSEGV (0xb) at pc=0x000000010122f2b0, pid=20522, tid=17411
#
# JRE version: Java(TM) SE Runtime Environment (8.0_25-b17) (build 1.8.0_25-b17)
# Java VM: Java HotSpot(TM) 64-Bit Server VM (25.25-b02 mixed mode bsd-amd64 compressed oops)
# Problematic frame:
# V  [libjvm.dylib+0x4232b0]
#
# Failed to write core dump. Core dumps have been disabled. To enable core dumping, try "ulimit -c unlimited" before starting Java again
#
# If you would like to submit a bug report, please visit:
#   http://bugreport.sun.com/bugreport/crash.jsp
#

---------------  T H R E A D  ---------------

Current thread (0x00007fa50181c800):  JavaThread "JDWP Transport Listener: dt_socket" daemon [_thread_in_vm, id=17411, stack(0x0000700000bbe000,0x0000700000cbe000)]

siginfo: si_signo: 11 (SIGSEGV), si_code: 0 (unknown), si_addr: 0x0000000000000000

Registers:
RAX=0x0000000000000001, RBX=0x0000700000cbda8b, RCX=0x00000001015e2c80, RDX=0x0000700000cbda8b
RSP=0x0000700000cbd9d0, RBP=0x0000700000cbd9e0, RSI=0x00007fa50181c800, RDI=0x00066e6f632f003b
R8 =0x0000000000000000, R9 =0x00007fa500e30a40, R10=0x00000000741b32bf, R11=0x00007fa500e00000
R12=0x00007fa50181c800, R13=0x00066e6f632f003b, R14=0x00066e6f632f003b, R15=0x00007fa500f009c0
RIP=0x000000010122f2b0, EFLAGS=0x0000000000010202, ERR=0x0000000000000000
  TRAPNO=0x000000000000000d

Top of Stack: (sp=0x0000700000cbd9d0)
0x0000700000cbd9d0:   0000700000cbda8b 0000700000cbda8b
0x0000700000cbd9e0:   0000700000cbda40 000000010114126e
0x0000700000cbd9f0:   00007fa50181c800 0000000000000000
0x0000700000cbda00:   0000000000000000 0000000000000000
0x0000700000cbda10:   00007fa50181c800 00007fa50181c800
0x0000700000cbda20:   0000700000cbda8b 0000700000cbda90
0x0000700000cbda30:   00066e6f632f003b 000000000000000b
0x0000700000cbda40:   0000700000cbda60 0000000101d8f7dc
0x0000700000cbda50:   0000000000000001 0000700000cbdb08
0x0000700000cbda60:   0000700000cbdad0 0000000101d74263
0x0000700000cbda70:   0000700000cbdaa0 00007fa500e19740
0x0000700000cbda80:   0000000c00000032 0000000200cbdb08
0x0000700000cbda90:   0000000000000000 0000000000000000
0x0000700000cbdaa0:   0000000000000000 0000700000cbdc90
0x0000700000cbdab0:   0000000101d96eca 00007fa500e6d140
0x0000700000cbdac0:   0000700000cbdb08 0000000101da2588
0x0000700000cbdad0:   0000700000cbdae0 0000000101d7435c
0x0000700000cbdae0:   0000700000cbdd00 0000000101d7d8f6
0x0000700000cbdaf0:   0000066b00000013 00000000000f0200
0x0000700000cbdb00:   00007fa500e14720 00007fa500e9a882
0x0000700000cbdb10:   00007fa500000116 00007fa50347be10
0x0000700000cbdb20:   00007fa50000012c 0000700000cbdb58
0x0000700000cbdb30:   00007fa50347be10 0000000000000000
0x0000700000cbdb40:   0000066b0000001c 0000000000000080
0x0000700000cbdb50:   0000700000cbdb58 a57f00000c000000
0x0000700000cbdb60:   0800000038f0e600 3e74696e696c633c
0x0000700000cbdb70:   0056292803000000 0008000000000000
0x0000700000cbdb80:   0030f0e600a57f00 74696e693c060000
0x0000700000cbdb90:   6a4c28460000003e 676e616c2f617661
0x0000700000cbdba0:   3b676e697274532f 616c2f6176616a4c
0x0000700000cbdbb0:   6e697274532f676e 2f6176616a4c3b67
0x0000700000cbdbc0:   67616d492f747761 6567616d494c3b65 

Instructions: (pc=0x000000010122f2b0)
0x000000010122f290:   40 48 48 85 c0 75 e0 30 c0 0f b6 c0 5d c3 31 c0
0x000000010122f2a0:   5d c3 55 48 89 e5 53 48 83 ec 08 48 85 ff 74 24
0x000000010122f2b0:   48 8b 1f 48 85 db 74 1c 48 83 fb 37 74 16 48 8b
0x000000010122f2c0:   03 48 89 df ff 50 10 84 c0 b8 00 00 00 00 48 0f 

Register to memory mapping:

RAX=0x0000000000000001 is an unknown value
RBX=0x0000700000cbda8b is pointing into the stack for thread: 0x00007fa50181c800
RCX=0x00000001015e2c80: UseMembar+0 in /Library/Java/JavaVirtualMachines/jdk1.8.0_25.jdk/Contents/Home/jre/lib/server/libjvm.dylib at 0x0000000100e0c000
RDX=0x0000700000cbda8b is pointing into the stack for thread: 0x00007fa50181c800
RSP=0x0000700000cbd9d0 is pointing into the stack for thread: 0x00007fa50181c800
RBP=0x0000700000cbd9e0 is pointing into the stack for thread: 0x00007fa50181c800
RSI=0x00007fa50181c800 is a thread
RDI=0x00066e6f632f003b is an unknown value
R8 =0x0000000000000000 is an unknown value
R9 =0x00007fa500e30a40 is an unknown value
R10=0x00000000741b32bf is an unknown value
R11=0x00007fa500e00000 is an unknown value
R12=0x00007fa50181c800 is a thread
R13=0x00066e6f632f003b is an unknown value
R14=0x00066e6f632f003b is an unknown value
R15=0x00007fa500f009c0 is an unknown value


Stack: [0x0000700000bbe000,0x0000700000cbe000],  sp=0x0000700000cbd9d0,  free space=1022k
Native frames: (J=compiled Java code, j=interpreted, Vv=VM code, C=native code)
V  [libjvm.dylib+0x4232b0]
V  [libjvm.dylib+0x33526e]
C  [libjdwp.dylib+0x207dc]  isMethodSynthetic+0x63
C  [libjdwp.dylib+0x5263]  methods1+0x10b
C  [libjdwp.dylib+0x535c]  methodsWithGeneric+0xe
C  [libjdwp.dylib+0xe8f6]  debugLoop_run+0x1ce
C  [libjdwp.dylib+0x1f716]  attachThread+0x4d
V  [libjvm.dylib+0x3762ce]
V  [libjvm.dylib+0x535ed9]
V  [libjvm.dylib+0x53761c]
V  [libjvm.dylib+0x45d87e]
C  [libsystem_pthread.dylib+0x3c13]  _pthread_body+0x83
C  [libsystem_pthread.dylib+0x3b90]  _pthread_body+0x0
C  [libsystem_pthread.dylib+0x1375]  thread_start+0xd
C  0x0000000000000000


---------------  P R O C E S S  ---------------

Java Threads: ( => current thread )
  0x00007fa502000800 JavaThread "DestroyJavaVM" [_thread_blocked, id=5891, stack(0x000070000011a000,0x000070000021a000)]
  0x00007fa502270000 JavaThread "AWT-EventQueue-0" [_thread_blocked, id=55303, stack(0x0000700001868000,0x0000700001968000)]
  0x00007fa5028df000 JavaThread "Java2D Disposer" daemon [_thread_blocked, id=54787, stack(0x0000700001765000,0x0000700001865000)]
  0x00007fa5028c5800 JavaThread "Java2D Queue Flusher" daemon [_thread_blocked, id=51735, stack(0x0000700001662000,0x0000700001762000)]
  0x00007fa501853800 JavaThread "AWT-Shutdown" [_thread_blocked, id=31507, stack(0x00007000014dc000,0x00007000015dc000)]
  0x00007fa5020b9800 JavaThread "AppKit Thread" daemon [_thread_in_native, id=2571, stack(0x00007fff5e86f000,0x00007fff5f06f000)]
  0x00007fa50181e000 JavaThread "Service Thread" daemon [_thread_blocked, id=20483, stack(0x00007000011d0000,0x00007000012d0000)]
  0x00007fa501010000 JavaThread "C1 CompilerThread2" daemon [_thread_blocked, id=19971, stack(0x00007000010cd000,0x00007000011cd000)]
  0x00007fa50100f800 JavaThread "C2 CompilerThread1" daemon [_thread_blocked, id=19459, stack(0x0000700000fca000,0x00007000010ca000)]
  0x00007fa50100b000 JavaThread "C2 CompilerThread0" daemon [_thread_blocked, id=18947, stack(0x0000700000ec7000,0x0000700000fc7000)]
  0x00007fa50181d800 JavaThread "JDWP Command Reader" daemon [_thread_in_native, id=18435, stack(0x0000700000dc4000,0x0000700000ec4000)]
  0x00007fa50181b000 JavaThread "JDWP Event Helper Thread" daemon [_thread_blocked, id=17923, stack(0x0000700000cc1000,0x0000700000dc1000)]
=>0x00007fa50181c800 JavaThread "JDWP Transport Listener: dt_socket" daemon [_thread_in_vm, id=17411, stack(0x0000700000bbe000,0x0000700000cbe000)]
  0x00007fa502002000 JavaThread "Signal Dispatcher" daemon [_thread_blocked, id=16659, stack(0x0000700000abb000,0x0000700000bbb000)]
  0x00007fa502815000 JavaThread "Finalizer" daemon [_thread_blocked, id=12291, stack(0x000070000082f000,0x000070000092f000)]
  0x00007fa502814000 JavaThread "Reference Handler" daemon [_thread_blocked, id=11779, stack(0x000070000072c000,0x000070000082c000)]

Other Threads:
  0x00007fa50180b000 VMThread [stack: 0x0000700000629000,0x0000700000729000] [id=11267]
  0x00007fa501011000 WatcherThread [stack: 0x00007000012d3000,0x00007000013d3000] [id=20995]

VM state:not at safepoint (normal execution)

VM Mutex/Monitor currently owned by a thread: None

Heap:
 PSYoungGen      total 18944K, used 7257K [0x00000007aab00000, 0x00000007ac000000, 0x00000007c0000000)
  eden space 16384K, 44% used [0x00000007aab00000,0x00000007ab216508,0x00000007abb00000)
  from space 2560K, 0% used [0x00000007abd80000,0x00000007abd80000,0x00000007ac000000)
  to   space 2560K, 0% used [0x00000007abb00000,0x00000007abb00000,0x00000007abd80000)
 ParOldGen       total 44032K, used 0K [0x0000000780000000, 0x0000000782b00000, 0x00000007aab00000)
  object space 44032K, 0% used [0x0000000780000000,0x0000000780000000,0x0000000782b00000)
 Metaspace       used 9935K, capacity 10102K, committed 10368K, reserved 1058816K
  class space    used 1235K, capacity 1283K, committed 1408K, reserved 1048576K

Card table byte_map: [0x00000001119c0000,0x0000000111bc1000] byte_map_base: 0x000000010ddc0000

Marking Bits: (ParMarkBitMap*) 0x00000001016a9390
 Begin Bits: [0x0000000111d17000, 0x0000000112d17000)
 End Bits:   [0x0000000112d17000, 0x0000000113d17000)

Polling page: 0x0000000101d6e000

CodeCache: size=245760Kb used=2443Kb max_used=2443Kb free=243316Kb
 bounds [0x0000000102600000, 0x0000000102870000, 0x0000000111600000]
 total_blobs=1105 nmethods=623 adapters=405
 compilation: enabled

Compilation events (10 events):
Event: 8.235 Thread 0x00007fa501010000  618       3       sun.awt.SunToolkit::awtUnlock (7 bytes)
Event: 8.235 Thread 0x00007fa501010000 nmethod 618 0x0000000102861a90 code [0x0000000102861c00, 0x0000000102861ee8]
Event: 14.469 Thread 0x00007fa501010000  620       1       sun.java2d.opengl.OGLRenderQueue::access$000 (5 bytes)
Event: 14.469 Thread 0x00007fa501010000 nmethod 620 0x0000000102862350 code [0x00000001028624a0, 0x0000000102862590]
Event: 27.537 Thread 0x00007fa501010000  621       3       sun.java2d.pipe.RenderQueue::tryLock (4 bytes)
Event: 27.538 Thread 0x00007fa501010000 nmethod 621 0x0000000102862610 code [0x00000001028627a0, 0x0000000102862b08]
Event: 27.538 Thread 0x00007fa501010000  622       3       sun.awt.SunToolkit::awtTryLock (7 bytes)
Event: 27.538 Thread 0x00007fa501010000 nmethod 622 0x0000000102862c90 code [0x0000000102862e00, 0x00000001028630e8]
Event: 105.526 Thread 0x00007fa501010000  623       1       sun.java2d.pipe.RenderBuffer::position (11 bytes)
Event: 105.527 Thread 0x00007fa501010000 nmethod 623 0x0000000102863210 code [0x0000000102863360, 0x0000000102863470]

GC Heap History (0 events):
No events

Deoptimization events (4 events):
Event: 6.894 Thread 0x00007fa502270000 Uncommon trap: reason=class_check action=maybe_recompile pc=0x00000001027a9e60 method=java.lang.String.equals(Ljava/lang/Object;)Z @ 8
Event: 6.894 Thread 0x00007fa502270000 Uncommon trap: reason=class_check action=maybe_recompile pc=0x00000001027a9e60 method=java.lang.String.equals(Ljava/lang/Object;)Z @ 8
Event: 6.900 Thread 0x00007fa502270000 Uncommon trap: reason=class_check action=maybe_recompile pc=0x00000001027a9e60 method=java.lang.String.equals(Ljava/lang/Object;)Z @ 8
Event: 6.901 Thread 0x00007fa502270000 Uncommon trap: reason=class_check action=maybe_recompile pc=0x00000001027a9e60 method=java.lang.String.equals(Ljava/lang/Object;)Z @ 8

Internal exceptions (10 events):
Event: 0.655 Thread 0x00007fa502000800 Exception <a 'java/security/PrivilegedActionException'> (0x00000007aae92930) thrown at [/HUDSON3/workspace/8-2-build-macosx-x86_64/jdk8u25/1514/hotspot/src/share/vm/prims/jvm.cpp, line 1312]
Event: 0.657 Thread 0x00007fa502000800 Exception <a 'java/security/PrivilegedActionException'> (0x00000007aae9cc50) thrown at [/HUDSON3/workspace/8-2-build-macosx-x86_64/jdk8u25/1514/hotspot/src/share/vm/prims/jvm.cpp, line 1312]
Event: 0.657 Thread 0x00007fa502000800 Exception <a 'java/security/PrivilegedActionException'> (0x00000007aae9e900) thrown at [/HUDSON3/workspace/8-2-build-macosx-x86_64/jdk8u25/1514/hotspot/src/share/vm/prims/jvm.cpp, line 1312]
Event: 0.690 Thread 0x00007fa502000800 Exception <a 'java/security/PrivilegedActionException'> (0x00000007aaed5b48) thrown at [/HUDSON3/workspace/8-2-build-macosx-x86_64/jdk8u25/1514/hotspot/src/share/vm/prims/jvm.cpp, line 1312]
Event: 0.714 Thread 0x00007fa502000800 Exception <a 'java/security/PrivilegedActionException'> (0x00000007aaee4de0) thrown at [/HUDSON3/workspace/8-2-build-macosx-x86_64/jdk8u25/1514/hotspot/src/share/vm/prims/jvm.cpp, line 1312]
Event: 0.716 Thread 0x00007fa502000800 Exception <a 'java/security/PrivilegedActionException'> (0x00000007aaee7148) thrown at [/HUDSON3/workspace/8-2-build-macosx-x86_64/jdk8u25/1514/hotspot/src/share/vm/prims/jvm.cpp, line 1312]
Event: 0.719 Thread 0x00007fa502000800 Exception <a 'java/security/PrivilegedActionException'> (0x00000007aaee93c0) thrown at [/HUDSON3/workspace/8-2-build-macosx-x86_64/jdk8u25/1514/hotspot/src/share/vm/prims/jvm.cpp, line 1312]
Event: 0.721 Thread 0x00007fa502000800 Exception <a 'java/security/PrivilegedActionException'> (0x00000007aaeebd30) thrown at [/HUDSON3/workspace/8-2-build-macosx-x86_64/jdk8u25/1514/hotspot/src/share/vm/prims/jvm.cpp, line 1312]
Event: 0.723 Thread 0x00007fa502000800 Exception <a 'java/security/PrivilegedActionException'> (0x00000007aaeee5a0) thrown at [/HUDSON3/workspace/8-2-build-macosx-x86_64/jdk8u25/1514/hotspot/src/share/vm/prims/jvm.cpp, line 1312]
Event: 0.740 Thread 0x00007fa502000800 Exception <a 'java/security/PrivilegedActionException'> (0x00000007aaf061d0) thrown at [/HUDSON3/workspace/8-2-build-macosx-x86_64/jdk8u25/1514/hotspot/src/share/vm/prims/jvm.cpp, line 1312]

Events (10 events):
Event: 6.900 Thread 0x00007fa502270000 DEOPT UNPACKING pc=0x0000000102604f69 sp=0x0000700001964c60 mode 2
Event: 6.901 Thread 0x00007fa502270000 Uncommon trap: trap_request=0xffffffde fr.pc=0x00000001027a9e60
Event: 6.901 Thread 0x00007fa502270000 DEOPT PACKING pc=0x00000001027a9e60 sp=0x0000700001964d20
Event: 6.901 Thread 0x00007fa502270000 DEOPT UNPACKING pc=0x0000000102604f69 sp=0x0000700001964cd0 mode 2
Event: 11.558 Executing VM operation: ChangeBreakpoints
Event: 11.559 Executing VM operation: ChangeBreakpoints done
Event: 16.251 Executing VM operation: ChangeBreakpoints
Event: 16.252 Executing VM operation: ChangeBreakpoints done
Event: 112.896 Executing VM operation: RedefineClasses
Event: 112.918 Executing VM operation: RedefineClasses done


Dynamic libraries:
0x0000000006c8d000 	/System/Library/Frameworks/Cocoa.framework/Versions/A/Cocoa
0x0000000006c8d000 	/System/Library/Frameworks/Security.framework/Versions/A/Security
0x0000000006c8d000 	/System/Library/Frameworks/ApplicationServices.framework/Versions/A/ApplicationServices
0x0000000006c8d000 	/usr/lib/libz.1.dylib
0x0000000006c8d000 	/usr/lib/libSystem.B.dylib
0x0000000006c8d000 	/usr/lib/libobjc.A.dylib
0x0000000006c8d000 	/System/Library/Frameworks/CoreFoundation.framework/Versions/A/CoreFoundation
0x0000000006c8d000 	/System/Library/Frameworks/Foundation.framework/Versions/C/Foundation
0x0000000006c8d000 	/System/Library/Frameworks/AppKit.framework/Versions/C/AppKit
0x0000000006c8d000 	/System/Library/Frameworks/CoreData.framework/Versions/A/CoreData
0x0000000006c8d000 	/System/Library/PrivateFrameworks/RemoteViewServices.framework/Versions/A/RemoteViewServices
0x0000000006c8d000 	/System/Library/PrivateFrameworks/UIFoundation.framework/Versions/A/UIFoundation
0x0000000006c8d000 	/usr/lib/libScreenReader.dylib
0x0000000006c8d000 	/System/Library/Frameworks/Accelerate.framework/Versions/A/Accelerate
0x0000000006c8d000 	/System/Library/Frameworks/IOSurface.framework/Versions/A/IOSurface
0x0000000006c8d000 	/System/Library/Frameworks/AudioToolbox.framework/Versions/A/AudioToolbox
0x0000000006c8d000 	/System/Library/Frameworks/AudioUnit.framework/Versions/A/AudioUnit
0x0000000006c8d000 	/System/Library/PrivateFrameworks/DataDetectorsCore.framework/Versions/A/DataDetectorsCore
0x0000000006c8d000 	/System/Library/PrivateFrameworks/DesktopServicesPriv.framework/Versions/A/DesktopServicesPriv
0x0000000006c8d000 	/System/Library/Frameworks/Carbon.framework/Versions/A/Frameworks/HIToolbox.framework/Versions/A/HIToolbox
0x0000000006c8d000 	/System/Library/Frameworks/QuartzCore.framework/Versions/A/QuartzCore
0x0000000006c8d000 	/System/Library/Frameworks/Carbon.framework/Versions/A/Frameworks/SpeechRecognition.framework/Versions/A/SpeechRecognition
0x0000000006c8d000 	/usr/lib/libauto.dylib
0x0000000006c8d000 	/usr/lib/libicucore.A.dylib
0x0000000006c8d000 	/usr/lib/libxml2.2.dylib
0x0000000006c8d000 	/System/Library/PrivateFrameworks/CoreUI.framework/Versions/A/CoreUI
0x0000000006c8d000 	/System/Library/Frameworks/CoreAudio.framework/Versions/A/CoreAudio
0x0000000006c8d000 	/System/Library/Frameworks/DiskArbitration.framework/Versions/A/DiskArbitration
0x0000000006c8d000 	/usr/lib/liblangid.dylib
0x0000000006c8d000 	/System/Library/PrivateFrameworks/MultitouchSupport.framework/Versions/A/MultitouchSupport
0x0000000006c8d000 	/System/Library/Frameworks/IOKit.framework/Versions/A/IOKit
0x0000000006c8d000 	/usr/lib/libDiagnosticMessagesClient.dylib
0x0000000006c8d000 	/System/Library/Frameworks/CoreServices.framework/Versions/A/CoreServices
0x0000000006c8d000 	/System/Library/PrivateFrameworks/PerformanceAnalysis.framework/Versions/A/PerformanceAnalysis
0x0000000006c8d000 	/System/Library/PrivateFrameworks/GenerationalStorage.framework/Versions/A/GenerationalStorage
0x0000000006c8d000 	/System/Library/Frameworks/OpenGL.framework/Versions/A/OpenGL
0x0000000006c8d000 	/System/Library/PrivateFrameworks/Sharing.framework/Versions/A/Sharing
0x0000000006c8d000 	/System/Library/Frameworks/CoreGraphics.framework/Versions/A/CoreGraphics
0x0000000006c8d000 	/System/Library/Frameworks/CoreImage.framework/Versions/A/CoreImage
0x0000000006c8d000 	/System/Library/Frameworks/CoreText.framework/Versions/A/CoreText
0x0000000006c8d000 	/System/Library/Frameworks/ImageIO.framework/Versions/A/ImageIO
0x0000000006c8d000 	/System/Library/PrivateFrameworks/Backup.framework/Versions/A/Backup
0x0000000006c8d000 	/usr/lib/libextension.dylib
0x0000000006c8d000 	/usr/lib/libarchive.2.dylib
0x0000000006c8d000 	/System/Library/Frameworks/CFNetwork.framework/Versions/A/CFNetwork
0x0000000006c8d000 	/System/Library/Frameworks/SystemConfiguration.framework/Versions/A/SystemConfiguration
0x0000000006c8d000 	/usr/lib/libCRFSuite.dylib
0x0000000006c8d000 	/usr/lib/libc++.1.dylib
0x0000000006c8d000 	/usr/lib/libc++abi.dylib
0x0000000006c8d000 	/usr/lib/system/libcache.dylib
0x0000000006c8d000 	/usr/lib/system/libcommonCrypto.dylib
0x0000000006c8d000 	/usr/lib/system/libcompiler_rt.dylib
0x0000000006c8d000 	/usr/lib/system/libcopyfile.dylib
0x0000000006c8d000 	/usr/lib/system/libcorecrypto.dylib
0x0000000006c8d000 	/usr/lib/system/libdispatch.dylib
0x0000000006c8d000 	/usr/lib/system/libdyld.dylib
0x0000000006c8d000 	/usr/lib/system/libkeymgr.dylib
0x0000000006c8d000 	/usr/lib/system/liblaunch.dylib
0x0000000006c8d000 	/usr/lib/system/libmacho.dylib
0x0000000006c8d000 	/usr/lib/system/libquarantine.dylib
0x0000000006c8d000 	/usr/lib/system/libremovefile.dylib
0x0000000006c8d000 	/usr/lib/system/libsystem_asl.dylib
0x0000000006c8d000 	/usr/lib/system/libsystem_blocks.dylib
0x0000000006c8d000 	/usr/lib/system/libsystem_c.dylib
0x0000000006c8d000 	/usr/lib/system/libsystem_configuration.dylib
0x0000000006c8d000 	/usr/lib/system/libsystem_coreservices.dylib
0x0000000006c8d000 	/usr/lib/system/libsystem_coretls.dylib
0x0000000006c8d000 	/usr/lib/system/libsystem_dnssd.dylib
0x0000000006c8d000 	/usr/lib/system/libsystem_info.dylib
0x0000000006c8d000 	/usr/lib/system/libsystem_kernel.dylib
0x0000000006c8d000 	/usr/lib/system/libsystem_m.dylib
0x0000000006c8d000 	/usr/lib/system/libsystem_malloc.dylib
0x0000000006c8d000 	/usr/lib/system/libsystem_network.dylib
0x0000000006c8d000 	/usr/lib/system/libsystem_networkextension.dylib
0x0000000006c8d000 	/usr/lib/system/libsystem_notify.dylib
0x0000000006c8d000 	/usr/lib/system/libsystem_platform.dylib
0x0000000006c8d000 	/usr/lib/system/libsystem_pthread.dylib
0x0000000006c8d000 	/usr/lib/system/libsystem_sandbox.dylib
0x0000000006c8d000 	/usr/lib/system/libsystem_secinit.dylib
0x0000000006c8d000 	/usr/lib/system/libsystem_trace.dylib
0x0000000006c8d000 	/usr/lib/system/libunc.dylib
0x0000000006c8d000 	/usr/lib/system/libunwind.dylib
0x0000000006c8d000 	/usr/lib/system/libxpc.dylib
0x0000000006c8d000 	/usr/lib/libenergytrace.dylib
0x0000000006c8d000 	/usr/lib/libbsm.0.dylib
0x0000000006c8d000 	/usr/lib/system/libkxld.dylib
0x0000000006c8d000 	/usr/lib/libxar.1.dylib
0x0000000006c8d000 	/usr/lib/libsqlite3.dylib
0x0000000006c8d000 	/usr/lib/libpam.2.dylib
0x0000000006c8d000 	/usr/lib/libOpenScriptingUtil.dylib
0x0000000006c8d000 	/usr/lib/libbz2.1.0.dylib
0x0000000006c8d000 	/usr/lib/liblzma.5.dylib
0x0000000006c8d000 	/System/Library/Frameworks/CoreServices.framework/Versions/A/Frameworks/FSEvents.framework/Versions/A/FSEvents
0x0000000006c8d000 	/System/Library/Frameworks/CoreServices.framework/Versions/A/Frameworks/CarbonCore.framework/Versions/A/CarbonCore
0x0000000006c8d000 	/System/Library/Frameworks/CoreServices.framework/Versions/A/Frameworks/Metadata.framework/Versions/A/Metadata
0x0000000006c8d000 	/System/Library/Frameworks/CoreServices.framework/Versions/A/Frameworks/OSServices.framework/Versions/A/OSServices
0x0000000006c8d000 	/System/Library/Frameworks/CoreServices.framework/Versions/A/Frameworks/SearchKit.framework/Versions/A/SearchKit
0x0000000006c8d000 	/System/Library/Frameworks/CoreServices.framework/Versions/A/Frameworks/AE.framework/Versions/A/AE
0x0000000006c8d000 	/System/Library/Frameworks/CoreServices.framework/Versions/A/Frameworks/LaunchServices.framework/Versions/A/LaunchServices
0x0000000006c8d000 	/System/Library/Frameworks/CoreServices.framework/Versions/A/Frameworks/DictionaryServices.framework/Versions/A/DictionaryServices
0x0000000006c8d000 	/System/Library/Frameworks/CoreServices.framework/Versions/A/Frameworks/SharedFileList.framework/Versions/A/SharedFileList
0x0000000006c8d000 	/System/Library/Frameworks/NetFS.framework/Versions/A/NetFS
0x0000000006c8d000 	/System/Library/PrivateFrameworks/NetAuth.framework/Versions/A/NetAuth
0x0000000006c8d000 	/System/Library/PrivateFrameworks/login.framework/Versions/A/Frameworks/loginsupport.framework/Versions/A/loginsupport
0x0000000006c8d000 	/System/Library/PrivateFrameworks/TCC.framework/Versions/A/TCC
0x0000000006c8d000 	/usr/lib/libmecabra.dylib
0x0000000006c8d000 	/System/Library/Frameworks/ApplicationServices.framework/Versions/A/Frameworks/ATS.framework/Versions/A/ATS
0x0000000006c8d000 	/System/Library/Frameworks/ApplicationServices.framework/Versions/A/Frameworks/ColorSync.framework/Versions/A/ColorSync
0x0000000006c8d000 	/System/Library/Frameworks/ApplicationServices.framework/Versions/A/Frameworks/HIServices.framework/Versions/A/HIServices
0x0000000006c8d000 	/System/Library/Frameworks/ApplicationServices.framework/Versions/A/Frameworks/LangAnalysis.framework/Versions/A/LangAnalysis
0x0000000006c8d000 	/System/Library/Frameworks/ApplicationServices.framework/Versions/A/Frameworks/PrintCore.framework/Versions/A/PrintCore
0x0000000006c8d000 	/System/Library/Frameworks/ApplicationServices.framework/Versions/A/Frameworks/QD.framework/Versions/A/QD
0x0000000006c8d000 	/System/Library/Frameworks/ApplicationServices.framework/Versions/A/Frameworks/SpeechSynthesis.framework/Versions/A/SpeechSynthesis
0x0000000006c8d000 	/System/Library/Frameworks/Metal.framework/Versions/A/Metal
0x0000000006c8d000 	/System/Library/Frameworks/Accelerate.framework/Versions/A/Frameworks/vImage.framework/Versions/A/vImage
0x0000000006c8d000 	/System/Library/Frameworks/Accelerate.framework/Versions/A/Frameworks/vecLib.framework/Versions/A/vecLib
0x0000000006c8d000 	/System/Library/Frameworks/Accelerate.framework/Versions/A/Frameworks/vecLib.framework/Versions/A/libvDSP.dylib
0x0000000006c8d000 	/System/Library/Frameworks/Accelerate.framework/Versions/A/Frameworks/vecLib.framework/Versions/A/libvMisc.dylib
0x0000000006c8d000 	/System/Library/Frameworks/Accelerate.framework/Versions/A/Frameworks/vecLib.framework/Versions/A/libLAPACK.dylib
0x0000000006c8d000 	/System/Library/Frameworks/Accelerate.framework/Versions/A/Frameworks/vecLib.framework/Versions/A/libBLAS.dylib
0x0000000006c8d000 	/System/Library/Frameworks/Accelerate.framework/Versions/A/Frameworks/vecLib.framework/Versions/A/libLinearAlgebra.dylib
0x0000000006c8d000 	/System/Library/Frameworks/Accelerate.framework/Versions/A/Frameworks/vecLib.framework/Versions/A/libSparseBLAS.dylib
0x0000000006c8d000 	/System/Library/PrivateFrameworks/GPUCompiler.framework/libmetal_timestamp.dylib
0x0000000006c8d000 	/System/Library/Frameworks/OpenGL.framework/Versions/A/Libraries/libCoreFSCache.dylib
0x0000000006c8d000 	/System/Library/PrivateFrameworks/IOAccelerator.framework/Versions/A/IOAccelerator
0x0000000006c8d000 	/System/Library/Frameworks/ApplicationServices.framework/Versions/A/Frameworks/ATS.framework/Versions/A/Resources/libFontParser.dylib
0x0000000006c8d000 	/System/Library/Frameworks/ApplicationServices.framework/Versions/A/Frameworks/ATS.framework/Versions/A/Resources/libFontRegistry.dylib
0x0000000006c8d000 	/System/Library/PrivateFrameworks/AppleVPA.framework/Versions/A/AppleVPA
0x0000000006c8d000 	/System/Library/PrivateFrameworks/AppleJPEG.framework/Versions/A/AppleJPEG
0x0000000006c8d000 	/System/Library/Frameworks/ImageIO.framework/Versions/A/Resources/libJPEG.dylib
0x0000000006c8d000 	/System/Library/Frameworks/ImageIO.framework/Versions/A/Resources/libTIFF.dylib
0x0000000006c8d000 	/System/Library/Frameworks/ImageIO.framework/Versions/A/Resources/libPng.dylib
0x0000000006c8d000 	/System/Library/Frameworks/ImageIO.framework/Versions/A/Resources/libGIF.dylib
0x0000000006c8d000 	/System/Library/Frameworks/ImageIO.framework/Versions/A/Resources/libJP2.dylib
0x0000000006c8d000 	/System/Library/Frameworks/ImageIO.framework/Versions/A/Resources/libRadiance.dylib
0x0000000006c8d000 	/System/Library/Frameworks/CoreVideo.framework/Versions/A/CoreVideo
0x0000000006c8d000 	/System/Library/Frameworks/OpenGL.framework/Versions/A/Libraries/libGLU.dylib
0x0000000006c8d000 	/System/Library/Frameworks/OpenGL.framework/Versions/A/Libraries/libGFXShared.dylib
0x0000000006c8d000 	/System/Library/Frameworks/OpenGL.framework/Versions/A/Libraries/libGL.dylib
0x0000000006c8d000 	/System/Library/Frameworks/OpenGL.framework/Versions/A/Libraries/libGLImage.dylib
0x0000000006c8d000 	/System/Library/Frameworks/OpenGL.framework/Versions/A/Libraries/libCVMSPluginSupport.dylib
0x0000000006c8d000 	/System/Library/Frameworks/OpenGL.framework/Versions/A/Libraries/libCoreVMClient.dylib
0x0000000006c8d000 	/usr/lib/libcups.2.dylib
0x0000000006c8d000 	/System/Library/Frameworks/Kerberos.framework/Versions/A/Kerberos
0x0000000006c8d000 	/System/Library/Frameworks/GSS.framework/Versions/A/GSS
0x0000000006c8d000 	/usr/lib/libresolv.9.dylib
0x0000000006c8d000 	/usr/lib/libiconv.2.dylib
0x0000000006c8d000 	/System/Library/PrivateFrameworks/Heimdal.framework/Versions/A/Heimdal
0x0000000006c8d000 	/usr/lib/libheimdal-asn1.dylib
0x0000000006c8d000 	/System/Library/Frameworks/OpenDirectory.framework/Versions/A/OpenDirectory
0x0000000006c8d000 	/System/Library/PrivateFrameworks/CommonAuth.framework/Versions/A/CommonAuth
0x0000000006c8d000 	/System/Library/Frameworks/OpenDirectory.framework/Versions/A/Frameworks/CFOpenDirectory.framework/Versions/A/CFOpenDirectory
0x0000000006c8d000 	/System/Library/Frameworks/SecurityFoundation.framework/Versions/A/SecurityFoundation
0x0000000006c8d000 	/System/Library/PrivateFrameworks/LanguageModeling.framework/Versions/A/LanguageModeling
0x0000000006c8d000 	/usr/lib/libmarisa.dylib
0x0000000006c8d000 	/usr/lib/libChineseTokenizer.dylib
0x0000000006c8d000 	/usr/lib/libcmph.dylib
0x0000000006c8d000 	/usr/lib/libcompression.dylib
0x0000000006c8d000 	/System/Library/Frameworks/ServiceManagement.framework/Versions/A/ServiceManagement
0x0000000006c8d000 	/usr/lib/libxslt.1.dylib
0x0000000006c8d000 	/System/Library/Frameworks/Carbon.framework/Versions/A/Frameworks/Ink.framework/Versions/A/Ink
0x0000000006c8d000 	/usr/lib/libFosl_dynamic.dylib
0x0000000006c8d000 	/System/Library/PrivateFrameworks/FaceCore.framework/Versions/A/FaceCore
0x0000000006c8d000 	/System/Library/Frameworks/OpenCL.framework/Versions/A/OpenCL
0x0000000006c8d000 	/System/Library/PrivateFrameworks/CrashReporterSupport.framework/Versions/A/CrashReporterSupport
0x0000000006c8d000 	/System/Library/PrivateFrameworks/IconServices.framework/Versions/A/IconServices
0x0000000006c8d000 	/System/Library/PrivateFrameworks/Apple80211.framework/Versions/A/Apple80211
0x0000000006c8d000 	/System/Library/Frameworks/CoreWLAN.framework/Versions/A/CoreWLAN
0x0000000006c8d000 	/System/Library/Frameworks/IOBluetooth.framework/Versions/A/IOBluetooth
0x0000000006c8d000 	/System/Library/PrivateFrameworks/CoreWiFi.framework/Versions/A/CoreWiFi
0x0000000006c8d000 	/System/Library/Frameworks/CoreBluetooth.framework/Versions/A/CoreBluetooth
0x0000000006c8d000 	/System/Library/PrivateFrameworks/ChunkingLibrary.framework/Versions/A/ChunkingLibrary
0x0000000006c8d000 	/System/Library/PrivateFrameworks/DebugSymbols.framework/Versions/A/DebugSymbols
0x0000000006c8d000 	/System/Library/PrivateFrameworks/CoreSymbolication.framework/Versions/A/CoreSymbolication
0x0000000006c8d000 	/System/Library/PrivateFrameworks/Symbolication.framework/Versions/A/Symbolication
0x0000000006c8d000 	/System/Library/PrivateFrameworks/SpeechRecognitionCore.framework/Versions/A/SpeechRecognitionCore
0x0000000100e0c000 	/Library/Java/JavaVirtualMachines/jdk1.8.0_25.jdk/Contents/Home/jre/lib/server/libjvm.dylib
0x0000000006c8d000 	/usr/lib/libstdc++.6.dylib
0x0000000101d2c000 	/Library/Java/JavaVirtualMachines/jdk1.8.0_25.jdk/Contents/Home/jre/lib/libverify.dylib
0x0000000101d3a000 	/Library/Java/JavaVirtualMachines/jdk1.8.0_25.jdk/Contents/Home/jre/lib/libjava.dylib
0x0000000101d6f000 	/Library/Java/JavaVirtualMachines/jdk1.8.0_25.jdk/Contents/Home/jre/lib/libjdwp.dylib
0x0000000101dba000 	/Library/Java/JavaVirtualMachines/jdk1.8.0_25.jdk/Contents/Home/jre/lib/libnpt.dylib
0x0000000101dc7000 	/Library/Java/JavaVirtualMachines/jdk1.8.0_25.jdk/Contents/Home/jre/lib/libzip.dylib
0x0000000101de5000 	/System/Library/Frameworks/JavaVM.framework/Frameworks/JavaRuntimeSupport.framework/JavaRuntimeSupport
0x00000001159e2000 	/System/Library/Frameworks/JavaVM.framework/Versions/A/Frameworks/JavaNativeFoundation.framework/Versions/A/JavaNativeFoundation
0x00000001159f7000 	/System/Library/Frameworks/JavaVM.framework/Versions/A/JavaVM
0x0000000006c8d000 	/System/Library/Frameworks/Carbon.framework/Versions/A/Carbon
0x0000000115a04000 	/System/Library/PrivateFrameworks/JavaLaunching.framework/Versions/A/JavaLaunching
0x0000000006c8d000 	/System/Library/Frameworks/Carbon.framework/Versions/A/Frameworks/CommonPanels.framework/Versions/A/CommonPanels
0x0000000006c8d000 	/System/Library/Frameworks/Carbon.framework/Versions/A/Frameworks/Help.framework/Versions/A/Help
0x0000000006c8d000 	/System/Library/Frameworks/Carbon.framework/Versions/A/Frameworks/ImageCapture.framework/Versions/A/ImageCapture
0x0000000006c8d000 	/System/Library/Frameworks/Carbon.framework/Versions/A/Frameworks/OpenScripting.framework/Versions/A/OpenScripting
0x0000000006c8d000 	/System/Library/Frameworks/Carbon.framework/Versions/A/Frameworks/Print.framework/Versions/A/Print
0x0000000006c8d000 	/System/Library/Frameworks/Carbon.framework/Versions/A/Frameworks/SecurityHI.framework/Versions/A/SecurityHI
0x0000000117325000 	/Library/Java/JavaVirtualMachines/jdk1.8.0_25.jdk/Contents/Home/jre/lib/libdt_socket.dylib
0x000000011732e000 	/Library/Java/JavaVirtualMachines/jdk1.8.0_25.jdk/Contents/Home/jre/lib/libawt.dylib
0x00000001173dd000 	/Library/Java/JavaVirtualMachines/jdk1.8.0_25.jdk/Contents/Home/jre/lib/./libmlib_image.dylib
0x00000001174a9000 	/Library/Java/JavaVirtualMachines/jdk1.8.0_25.jdk/Contents/Home/jre/lib/libawt_lwawt.dylib
0x000000011755c000 	/Library/Java/JavaVirtualMachines/jdk1.8.0_25.jdk/Contents/Home/jre/lib/./libosxapp.dylib
0x0000000006c8d000 	/System/Library/Frameworks/ExceptionHandling.framework/Versions/A/ExceptionHandling
0x0000000006c8d000 	/System/Library/PrivateFrameworks/CoreServicesInternal.framework/Versions/A/CoreServicesInternal
0x0000000006c8d000 	/System/Library/Frameworks/CoreGraphics.framework/Versions/A/Resources/libRIP.A.dylib
0x0000000006c8d000 	/System/Library/Frameworks/Accelerate.framework/Versions/A/Frameworks/vImage.framework/Versions/A/Libraries/libCGInterfaces.dylib
0x0000000006c8d000 	/System/Library/Frameworks/CoreGraphics.framework/Versions/A/Resources/libCGXType.A.dylib
0x0000000006c8d000 	/System/Library/Frameworks/OpenCL.framework/Versions/A/Libraries/libcldcpuengine.dylib
0x0000000006c8d000 	/System/Library/PrivateFrameworks/DiskImages.framework/Versions/A/DiskImages
0x0000000006c8d000 	/System/Library/Frameworks/DiscRecording.framework/Versions/A/DiscRecording
0x0000000006c8d000 	/usr/lib/libcsfde.dylib
0x0000000006c8d000 	/usr/lib/libcurl.4.dylib
0x0000000006c8d000 	/System/Library/PrivateFrameworks/MediaKit.framework/Versions/A/MediaKit
0x0000000006c8d000 	/System/Library/PrivateFrameworks/ProtectedCloudStorage.framework/Versions/A/ProtectedCloudStorage
0x0000000006c8d000 	/usr/lib/libCoreStorage.dylib
0x0000000006c8d000 	/System/Library/PrivateFrameworks/EFILogin.framework/Versions/A/EFILogin
0x0000000006c8d000 	/usr/lib/libutil.dylib
0x0000000006c8d000 	/System/Library/PrivateFrameworks/FindMyDevice.framework/Versions/A/FindMyDevice
0x0000000006c8d000 	/System/Library/Frameworks/LDAP.framework/Versions/A/LDAP
0x0000000006c8d000 	/usr/lib/libsasl2.2.dylib
0x0000000006c8d000 	/System/Library/PrivateFrameworks/CoreDaemon.framework/Versions/B/CoreDaemon
0x0000000006c8d000 	/usr/lib/libcrypto.0.9.8.dylib
0x0000000006c8d000 	/System/Library/PrivateFrameworks/AppleSRP.framework/Versions/A/AppleSRP
0x0000000006c8d000 	/System/Library/PrivateFrameworks/TrustEvaluationAgent.framework/Versions/A/TrustEvaluationAgent
0x00000001191d0000 	cl_kernels
0x0000000006c8d000 	/System/Library/Frameworks/OpenCL.framework/Versions/A/Libraries/ImageFormats/unorm8_bgra.dylib
0x0000000006c8d000 	/System/Library/Frameworks/OpenCL.framework/Versions/A/Libraries/ImageFormats/unorm8_rgba.dylib
0x0000000006c8d000 	/System/Library/PrivateFrameworks/FamilyControls.framework/Versions/A/FamilyControls
0x0000000006c8d000 	/System/Library/PrivateFrameworks/CommerceKit.framework/Versions/A/Frameworks/CommerceCore.framework/Versions/A/CommerceCore
0x0000000006c8d000 	/System/Library/PrivateFrameworks/SystemAdministration.framework/Versions/A/SystemAdministration
0x0000000006c8d000 	/System/Library/PrivateFrameworks/AppContainer.framework/Versions/A/AppContainer
0x0000000006c8d000 	/System/Library/PrivateFrameworks/SecCodeWrapper.framework/Versions/A/SecCodeWrapper
0x0000000006c8d000 	/System/Library/Frameworks/DirectoryService.framework/Versions/A/DirectoryService
0x0000000006c8d000 	/System/Library/PrivateFrameworks/LoginUIKit.framework/Versions/A/Frameworks/LoginUICore.framework/Versions/A/LoginUICore
0x0000000006c8d000 	/usr/lib/libodfde.dylib
0x0000000006c8d000 	/System/Library/Frameworks/OpenGL.framework/Versions/A/Resources/GLEngine.bundle/GLEngine
0x0000000006c8d000 	/System/Library/Frameworks/OpenGL.framework/Versions/A/Libraries/libGLProgrammability.dylib
0x000000011a242000 	/System/Library/Extensions/AppleIntelHD4000GraphicsGLDriver.bundle/Contents/MacOS/AppleIntelHD4000GraphicsGLDriver
0x0000000006c8d000 	/System/Library/PrivateFrameworks/GPUSupport.framework/Versions/A/Libraries/libGPUSupportMercury.dylib
0x0000000006c8d000 	/System/Library/Frameworks/OpenGL.framework/Versions/A/Resources/GLRendererFloat.bundle/GLRendererFloat
0x000000011b194000 	/Library/Java/JavaVirtualMachines/jdk1.8.0_25.jdk/Contents/Home/jre/lib/libfontmanager.dylib
0x000000011b1fb000 	/Library/Java/JavaVirtualMachines/jdk1.8.0_25.jdk/Contents/Home/jre/lib/libosxui.dylib
0x000000011d176000 	/Library/Java/JavaVirtualMachines/jdk1.8.0_25.jdk/Contents/Home/jre/lib/libnet.dylib
0x000000011d18d000 	/Library/Java/JavaVirtualMachines/jdk1.8.0_25.jdk/Contents/Home/jre/lib/libnio.dylib
0x000000011eb11000 	/System/Library/Extensions/AppleIntelHD4000GraphicsMTLDriver.bundle/Contents/MacOS/AppleIntelHD4000GraphicsMTLDriver

VM Arguments:
jvm_args: -agentlib:jdwp=transport=dt_socket,suspend=y,address=localhost:56841 -Dfile.encoding=UTF-8 
java_command: SearchUI
java_class_path (initial): /Users/gabrielgheorghian/Documents/School/Exchange/School/CS2108/Assignment 1/ImageSearchAssignment/target/classes:/Users/gabrielgheorghian/.m2/repository/com/clarifai/clarifai-api-java/1.2.0/clarifai-api-java-1.2.0.jar:/Users/gabrielgheorghian/.m2/repository/com/google/code/gson/gson/2.3.1/gson-2.3.1.jar
Launcher Type: SUN_STANDARD

Environment Variables:
PATH=/usr/bin:/bin:/usr/sbin:/sbin
SHELL=/bin/bash

Signal Handlers:
SIGSEGV: [libjvm.dylib+0x579dc7], sa_mask[0]=11111111011111110111111111111111, sa_flags=SA_ONSTACK|SA_RESTART|SA_SIGINFO
SIGBUS: [libjvm.dylib+0x579dc7], sa_mask[0]=11111111011111110111111111111111, sa_flags=SA_RESTART|SA_SIGINFO
SIGFPE: [libjvm.dylib+0x45b030], sa_mask[0]=11111111011111110111111111111111, sa_flags=SA_RESTART|SA_SIGINFO
SIGPIPE: [libjvm.dylib+0x45b030], sa_mask[0]=11111111011111110111111111111111, sa_flags=SA_RESTART|SA_SIGINFO
SIGXFSZ: [libjvm.dylib+0x45b030], sa_mask[0]=11111111011111110111111111111111, sa_flags=SA_RESTART|SA_SIGINFO
SIGILL: [libjvm.dylib+0x45b030], sa_mask[0]=11111111011111110111111111111111, sa_flags=SA_RESTART|SA_SIGINFO
SIGUSR1: SIG_DFL, sa_mask[0]=00000000000000000000000000000000, sa_flags=none
SIGUSR2: [libjvm.dylib+0x45ab4e], sa_mask[0]=00100000000000000000000000000000, sa_flags=SA_RESTART|SA_SIGINFO
SIGHUP: [libjvm.dylib+0x459121], sa_mask[0]=11111111011111110111111111111111, sa_flags=SA_RESTART|SA_SIGINFO
SIGINT: [libjvm.dylib+0x459121], sa_mask[0]=11111111011111110111111111111111, sa_flags=SA_RESTART|SA_SIGINFO
SIGTERM: [libjvm.dylib+0x459121], sa_mask[0]=11111111011111110111111111111111, sa_flags=SA_RESTART|SA_SIGINFO
SIGQUIT: [libjvm.dylib+0x459121], sa_mask[0]=11111111011111110111111111111111, sa_flags=SA_RESTART|SA_SIGINFO


---------------  S Y S T E M  ---------------

OS:Bsduname:Darwin 15.3.0 Darwin Kernel Version 15.3.0: Thu Dec 10 18:40:58 PST 2015; root:xnu-3248.30.4~1/RELEASE_X86_64 x86_64
rlimit: STACK 8192k, CORE 0k, NPROC 709, NOFILE 10240, AS infinity
load average:1.85 1.45 1.32

CPU:total 4 (2 cores per cpu, 2 threads per core) family 6 model 58 stepping 9, cmov, cx8, fxsr, mmx, sse, sse2, sse3, ssse3, sse4.1, sse4.2, popcnt, avx, aes, clmul, erms, ht, tsc, tscinvbit, tscinv

Memory: 4k page, physical 4194304k(17988k free)

/proc/meminfo:


vm_info: Java HotSpot(TM) 64-Bit Server VM (25.25-b02) for bsd-amd64 JRE (1.8.0_25-b17), built on Sep 17 2014 16:56:50 by "java_re" with gcc 4.2.1 (Based on Apple Inc. build 5658) (LLVM build 2336.11.00)

time: Wed Sep 14 11:14:29 2016
elapsed time: 112 seconds (0d 0h 1m 52s)

